<?xml version="1.0" encoding="UTF-8"?>
<!-- Generated by org.testng.reporters.JUnitReportReporter -->
<testsuite hostname="MuntasirPranto" failures="0" tests="1" name="TestCases.TC0001" time="83.865" errors="0" timestamp="2021-12-03T22:46:01 BDT" skipped="0">
  <testcase classname="TestCases.TC0001" name="LocateElement" time="83.865"/>
  <system-out/>
</testsuite> <!-- TestCases.TC0001 -->
